Using pre-set license
Built from '2020.3/staging' branch; Version is '2020.3.20f1 (41c4e627c95f) revision 4310246'; Using compiler version '192528614'; Build Type 'Release'
OS: 'Windows 10 Pro; OS build 19043.1288; Version 2009; 64bit' Language: 'pt' Physical Memory: 16335 MB
BatchMode: 1, IsHumanControllingUs: 0, StartBugReporterOnCrash: 0, Is64bit: 1, IsPro: 0

COMMAND LINE ARGUMENTS:
C:\Program Files\Unity\Hub\Editor\2020.3.20f1\Editor\Unity.exe
-adb2
-batchMode
-noUpm
-name
AssetImportWorker0
-projectPath
D:/Projeto Unity/Pit(oficial)/Pitfall_Voxel_2D
-logFile
Logs/AssetImportWorker0.log
-srvPort
58495
Successfully changed project path to: D:/Projeto Unity/Pit(oficial)/Pitfall_Voxel_2D
D:/Projeto Unity/Pit(oficial)/Pitfall_Voxel_2D
Using Asset Import Pipeline V2.
Refreshing native plugins compatible for Editor in 58.87 ms, found 2 plugins.
Preloading 0 native plugins for Editor in 0.00 ms.
Initialize engine version: 2020.3.20f1 (41c4e627c95f)
[Subsystems] Discovering subsystems at path C:/Program Files/Unity/Hub/Editor/2020.3.20f1/Editor/Data/Resources/UnitySubsystems
[Subsystems] Discovering subsystems at path D:/Projeto Unity/Pit(oficial)/Pitfall_Voxel_2D/Assets
GfxDevice: creating device client; threaded=0
Direct3D:
    Version:  Direct3D 11.0 [level 11.1]
    Renderer: NVIDIA GeForce GTX 1060 6GB (ID=0x1c03)
    Vendor:   
    VRAM:     6052 MB
    Driver:   30.0.14.7212
Initialize mono
Mono path[0] = 'C:/Program Files/Unity/Hub/Editor/2020.3.20f1/Editor/Data/Managed'
Mono path[1] = 'C:/Program Files/Unity/Hub/Editor/2020.3.20f1/Editor/Data/MonoBleedingEdge/lib/mono/unityjit'
Mono config path = 'C:/Program Files/Unity/Hub/Editor/2020.3.20f1/Editor/Data/MonoBleedingEdge/etc'
Using monoOptions --debugger-agent=transport=dt_socket,embedding=1,server=y,suspend=n,address=127.0.0.1:56588
Begin MonoManager ReloadAssembly
Registering precompiled unity dll's ...
Register platform support module: C:/Program Files/Unity/Hub/Editor/2020.3.20f1/Editor/Data/PlaybackEngines/WebGLSupport/UnityEditor.WebGL.Extensions.dll
Register platform support module: C:/Program Files/Unity/Hub/Editor/2020.3.20f1/Editor/Data/PlaybackEngines/WindowsStandaloneSupport/UnityEditor.WindowsStandalone.Extensions.dll
Register platform support module: C:/Program Files/Unity/Hub/Editor/2020.3.20f1/Editor/Data/PlaybackEngines/LinuxStandaloneSupport/UnityEditor.LinuxStandalone.Extensions.dll
Registered in 0.003822 seconds.
Native extension for LinuxStandalone target not found
Native extension for WindowsStandalone target not found
Native extension for WebGL target not found
Refreshing native plugins compatible for Editor in 45.52 ms, found 2 plugins.
Preloading 0 native plugins for Editor in 0.00 ms.
Mono: successfully reloaded assembly
- Completed reload, in  2.603 seconds
Domain Reload Profiling:
	ReloadAssembly (2604ms)
		BeginReloadAssembly (63ms)
			ExecutionOrderSort (0ms)
			DisableScriptedObjects (0ms)
			BackupInstance (0ms)
			ReleaseScriptingObjects (0ms)
			CreateAndSetChildDomain (1ms)
		EndReloadAssembly (559ms)
			LoadAssemblies (61ms)
			RebuildTransferFunctionScriptingTraits (0ms)
			SetupTypeCache (246ms)
			ReleaseScriptCaches (0ms)
			RebuildScriptCaches (32ms)
			SetupLoadedEditorAssemblies (199ms)
				LogAssemblyErrors (0ms)
				InitializePlatformSupportModulesInManaged (7ms)
				SetLoadedEditorAssemblies (0ms)
				RefreshPlugins (46ms)
				BeforeProcessingInitializeOnLoad (19ms)
				ProcessInitializeOnLoadAttributes (90ms)
				ProcessInitializeOnLoadMethodAttributes (38ms)
				AfterProcessingInitializeOnLoad (0ms)
				EditorAssembliesLoaded (0ms)
			ExecutionOrderSort2 (0ms)
			AwakeInstancesAfterBackupRestoration (0ms)
Platform modules already initialized, skipping
Registering precompiled user dll's ...
Registered in 0.005049 seconds.
Begin MonoManager ReloadAssembly
Native extension for LinuxStandalone target not found
Native extension for WindowsStandalone target not found
Native extension for WebGL target not found
Refreshing native plugins compatible for Editor in 0.75 ms, found 2 plugins.
Preloading 0 native plugins for Editor in 0.00 ms.
Mono: successfully reloaded assembly
- Completed reload, in  1.300 seconds
Domain Reload Profiling:
	ReloadAssembly (1305ms)
		BeginReloadAssembly (166ms)
			ExecutionOrderSort (0ms)
			DisableScriptedObjects (5ms)
			BackupInstance (0ms)
			ReleaseScriptingObjects (0ms)
			CreateAndSetChildDomain (20ms)
		EndReloadAssembly (1062ms)
			LoadAssemblies (113ms)
			RebuildTransferFunctionScriptingTraits (0ms)
			SetupTypeCache (313ms)
			ReleaseScriptCaches (0ms)
			RebuildScriptCaches (50ms)
			SetupLoadedEditorAssemblies (474ms)
				LogAssemblyErrors (0ms)
				InitializePlatformSupportModulesInManaged (9ms)
				SetLoadedEditorAssemblies (0ms)
				RefreshPlugins (1ms)
				BeforeProcessingInitializeOnLoad (99ms)
				ProcessInitializeOnLoadAttributes (317ms)
				ProcessInitializeOnLoadMethodAttributes (38ms)
				AfterProcessingInitializeOnLoad (9ms)
				EditorAssembliesLoaded (0ms)
			ExecutionOrderSort2 (0ms)
			AwakeInstancesAfterBackupRestoration (8ms)
Platform modules already initialized, skipping
========================================================================
Worker process is ready to serve import requests
Launched and connected shader compiler UnityShaderCompiler.exe after 0.23 seconds
Refreshing native plugins compatible for Editor in 0.77 ms, found 2 plugins.
Preloading 0 native plugins for Editor in 0.00 ms.
Unloading 1973 Unused Serialized files (Serialized files now loaded: 0)
System memory in use before: 81.1 MB.
System memory in use after: 81.1 MB.

Unloading 56 unused Assets to reduce memory usage. Loaded Objects now: 2378.
Total: 6.714900 ms (FindLiveObjects: 0.204600 ms CreateObjectMapping: 0.047500 ms MarkObjects: 6.371000 ms  DeleteObjects: 0.090700 ms)

AssetImportParameters requested are different than current active one (requested -> active):
  custom:framework-win-MediaFoundation: 216162199b28c13a410421893ffa2e32 -> 
  custom:video-decoder-ogg-theora: a1e56fd34408186e4bbccfd4996cb3dc -> 
  custom:container-muxer-webm: aa71ff27fc2769a1b78a27578f13a17b -> 
  custom:container-demuxer-webm: 4f35f7cbe854078d1ac9338744f61a02 -> 
  custom:container-demuxer-ogg: 62fdf1f143b41e24485cea50d1cbac27 -> 
  custom:video-encoder-webm-vp8: eb34c28f22e8b96e1ab97ce403110664 -> 
  custom:video-decoder-webm-vp8: 9c59270c3fd7afecdb556c50c9e8de78 -> 
  custom:audio-decoder-ogg-vorbis: bf7c407c2cedff20999df2af8eb42d56 -> 
  custom:audio-encoder-webm-vorbis: bf7c407c2cedff20999df2af8eb42d56 -> 
========================================================================
Received Import Request.
  path: Assets/Construcao tela/Prefab Tela/Prefab/Tronco.prefab
  artifactKey: Guid(f18e769cb2fea474d81e4b0762419ce8) Importer(815301076,1909f56bfc062723c751e8b465ee728b)
Start importing Assets/Construcao tela/Prefab Tela/Prefab/Tronco.prefab using Guid(f18e769cb2fea474d81e4b0762419ce8) Importer(815301076,1909f56bfc062723c751e8b465ee728b)  -> (artifact id: '84e2cd21d96fdcc5303c6cc86c093b22') in 0.114393 seconds 
  Import took 0.117684 seconds .

========================================================================
Received Import Request.
  Time since last request: 0.000198 seconds.
  path: Assets/Construcao tela/Prefab Tela/Prefab/Tela_teste.prefab
  artifactKey: Guid(c6624177ccf92144eaab909ad8884b5b) Importer(815301076,1909f56bfc062723c751e8b465ee728b)
Start importing Assets/Construcao tela/Prefab Tela/Prefab/Tela_teste.prefab using Guid(c6624177ccf92144eaab909ad8884b5b) Importer(815301076,1909f56bfc062723c751e8b465ee728b)  -> (artifact id: '3bf33f858d1e96c3dbbb3097d84b7ca8') in 0.039576 seconds 
  Import took 0.042776 seconds .

========================================================================
Received Import Request.
  Time since last request: 0.000181 seconds.
  path: Assets/Construcao tela/Prefab Tela/Prefab/Cenario_Default.prefab
  artifactKey: Guid(54e3242242caf0d42bb5d7f6dca96748) Importer(815301076,1909f56bfc062723c751e8b465ee728b)
Start importing Assets/Construcao tela/Prefab Tela/Prefab/Cenario_Default.prefab using Guid(54e3242242caf0d42bb5d7f6dca96748) Importer(815301076,1909f56bfc062723c751e8b465ee728b)  -> (artifact id: 'c800e84e1a3098a7c1cfb07d3152f48a') in 0.021005 seconds 
  Import took 0.024006 seconds .

========================================================================
Received Import Request.
  Time since last request: 0.000182 seconds.
  path: Assets/Construcao tela/Prefab Tela/Prefab/GameObject.prefab
  artifactKey: Guid(041f1a50b07a1034db5395a8ead80d8e) Importer(815301076,1909f56bfc062723c751e8b465ee728b)
Start importing Assets/Construcao tela/Prefab Tela/Prefab/GameObject.prefab using Guid(041f1a50b07a1034db5395a8ead80d8e) Importer(815301076,1909f56bfc062723c751e8b465ee728b)  -> (artifact id: 'ecb11b35f209ea1b9ffc9fe3cbf4c1e3') in 0.022495 seconds 
  Import took 0.025648 seconds .

========================================================================
Received Import Request.
  Time since last request: 0.000206 seconds.
  path: Assets/Construcao tela/Prefab Tela/Prefab/Tela_01.prefab
  artifactKey: Guid(f6550a0593ed01b41822cfeac48a8a38) Importer(815301076,1909f56bfc062723c751e8b465ee728b)
Start importing Assets/Construcao tela/Prefab Tela/Prefab/Tela_01.prefab using Guid(f6550a0593ed01b41822cfeac48a8a38) Importer(815301076,1909f56bfc062723c751e8b465ee728b)  -> (artifact id: '627b5ad366e9721bd2351fe981445454') in 0.024449 seconds 
  Import took 0.028543 seconds .

========================================================================
Received Import Request.
  Time since last request: 0.000228 seconds.
  path: Assets/Construcao tela/Prefab Tela/Prefab/Cenario_Default 1.prefab
  artifactKey: Guid(88566ecb1eaf8c44caf57c98a4894a3e) Importer(815301076,1909f56bfc062723c751e8b465ee728b)
Start importing Assets/Construcao tela/Prefab Tela/Prefab/Cenario_Default 1.prefab using Guid(88566ecb1eaf8c44caf57c98a4894a3e) Importer(815301076,1909f56bfc062723c751e8b465ee728b)  -> (artifact id: '0c470ea1c347dae57ed00b152b9c4daa') in 0.019467 seconds 
  Import took 0.022758 seconds .

========================================================================
Received Import Request.
  Time since last request: 0.000233 seconds.
  path: Assets/Construcao tela/Prefab Tela/Prefab/Tronco_Parado.prefab
  artifactKey: Guid(7dcd86ee7871f3e42bdb21faa456e5e2) Importer(815301076,1909f56bfc062723c751e8b465ee728b)
Start importing Assets/Construcao tela/Prefab Tela/Prefab/Tronco_Parado.prefab using Guid(7dcd86ee7871f3e42bdb21faa456e5e2) Importer(815301076,1909f56bfc062723c751e8b465ee728b)  -> (artifact id: '0806be0e65595ad8fe03de85993938d9') in 0.016012 seconds 
  Import took 0.019511 seconds .

========================================================================
Received Prepare
Refreshing native plugins compatible for Editor in 13.32 ms, found 2 plugins.
Preloading 0 native plugins for Editor in 0.00 ms.
Unloading 45 Unused Serialized files (Serialized files now loaded: 0)
System memory in use before: 47.8 MB.
System memory in use after: 47.9 MB.

Unloading 45 unused Assets to reduce memory usage. Loaded Objects now: 2385.
Total: 7.427100 ms (FindLiveObjects: 0.216700 ms CreateObjectMapping: 0.048600 ms MarkObjects: 7.132400 ms  DeleteObjects: 0.028100 ms)

AssetImportParameters requested are different than current active one (requested -> active):
  custom:framework-win-MediaFoundation: 216162199b28c13a410421893ffa2e32 -> 
  custom:video-decoder-ogg-theora: a1e56fd34408186e4bbccfd4996cb3dc -> 
  custom:container-muxer-webm: aa71ff27fc2769a1b78a27578f13a17b -> 
  custom:container-demuxer-webm: 4f35f7cbe854078d1ac9338744f61a02 -> 
  custom:container-demuxer-ogg: 62fdf1f143b41e24485cea50d1cbac27 -> 
  custom:video-encoder-webm-vp8: eb34c28f22e8b96e1ab97ce403110664 -> 
  custom:video-decoder-webm-vp8: 9c59270c3fd7afecdb556c50c9e8de78 -> 
  custom:audio-decoder-ogg-vorbis: bf7c407c2cedff20999df2af8eb42d56 -> 
  custom:audio-encoder-webm-vorbis: bf7c407c2cedff20999df2af8eb42d56 -> 
========================================================================
Received Import Request.
  Time since last request: 5.208180 seconds.
  path: Assets/Construcao tela/Prefab Tela/Prefab/Cenario_Default 1.prefab
  artifactKey: Guid(88566ecb1eaf8c44caf57c98a4894a3e) Importer(815301076,1909f56bfc062723c751e8b465ee728b)
Start importing Assets/Construcao tela/Prefab Tela/Prefab/Cenario_Default 1.prefab using Guid(88566ecb1eaf8c44caf57c98a4894a3e) Importer(815301076,1909f56bfc062723c751e8b465ee728b)  -> (artifact id: '3e7c8f754ef077f9647a6a8133c43738') in 0.018349 seconds 
  Import took 0.021762 seconds .

========================================================================
Received Import Request.
  Time since last request: 1.167948 seconds.
  path: Assets/Construcao tela/Prefab Tela/Prefab/Cenario_Default 1.prefab
  artifactKey: Guid(88566ecb1eaf8c44caf57c98a4894a3e) Importer(815301076,1909f56bfc062723c751e8b465ee728b)
Start importing Assets/Construcao tela/Prefab Tela/Prefab/Cenario_Default 1.prefab using Guid(88566ecb1eaf8c44caf57c98a4894a3e) Importer(815301076,1909f56bfc062723c751e8b465ee728b)  -> (artifact id: '497733c651a3724cb62103e309cc7139') in 0.018402 seconds 
  Import took 0.022132 seconds .

========================================================================
Received Import Request.
  Time since last request: 18.764999 seconds.
  path: Assets/Construcao tela/Prefab Tela/Prefab/Cenario_Default 1.prefab
  artifactKey: Guid(88566ecb1eaf8c44caf57c98a4894a3e) Importer(815301076,1909f56bfc062723c751e8b465ee728b)
Start importing Assets/Construcao tela/Prefab Tela/Prefab/Cenario_Default 1.prefab using Guid(88566ecb1eaf8c44caf57c98a4894a3e) Importer(815301076,1909f56bfc062723c751e8b465ee728b)  -> (artifact id: 'ad5f58936f91872957a69d98d218a40d') in 0.018340 seconds 
  Import took 0.022030 seconds .

========================================================================
Received Prepare
Registering precompiled user dll's ...
Registered in 0.005052 seconds.
Begin MonoManager ReloadAssembly
Native extension for LinuxStandalone target not found
Native extension for WindowsStandalone target not found
Native extension for WebGL target not found
Refreshing native plugins compatible for Editor in 0.77 ms, found 2 plugins.
Preloading 0 native plugins for Editor in 0.00 ms.
Mono: successfully reloaded assembly
- Completed reload, in  1.180 seconds
Domain Reload Profiling:
	ReloadAssembly (1181ms)
		BeginReloadAssembly (132ms)
			ExecutionOrderSort (0ms)
			DisableScriptedObjects (7ms)
			BackupInstance (0ms)
			ReleaseScriptingObjects (0ms)
			CreateAndSetChildDomain (35ms)
		EndReloadAssembly (974ms)
			LoadAssemblies (115ms)
			RebuildTransferFunctionScriptingTraits (0ms)
			SetupTypeCache (296ms)
			ReleaseScriptCaches (2ms)
			RebuildScriptCaches (53ms)
			SetupLoadedEditorAssemblies (396ms)
				LogAssemblyErrors (0ms)
				InitializePlatformSupportModulesInManaged (9ms)
				SetLoadedEditorAssemblies (1ms)
				RefreshPlugins (1ms)
				BeforeProcessingInitializeOnLoad (100ms)
				ProcessInitializeOnLoadAttributes (241ms)
				ProcessInitializeOnLoadMethodAttributes (34ms)
				AfterProcessingInitializeOnLoad (9ms)
				EditorAssembliesLoaded (0ms)
			ExecutionOrderSort2 (0ms)
			AwakeInstancesAfterBackupRestoration (9ms)
Platform modules already initialized, skipping
Refreshing native plugins compatible for Editor in 0.77 ms, found 2 plugins.
Preloading 0 native plugins for Editor in 0.00 ms.
Unloading 1967 Unused Serialized files (Serialized files now loaded: 0)
System memory in use before: 84.0 MB.
System memory in use after: 84.1 MB.

Unloading 47 unused Assets to reduce memory usage. Loaded Objects now: 2387.
Total: 6.754100 ms (FindLiveObjects: 0.195500 ms CreateObjectMapping: 0.048200 ms MarkObjects: 6.475700 ms  DeleteObjects: 0.033400 ms)

AssetImportParameters requested are different than current active one (requested -> active):
  custom:framework-win-MediaFoundation: 216162199b28c13a410421893ffa2e32 -> 
  custom:video-decoder-ogg-theora: a1e56fd34408186e4bbccfd4996cb3dc -> 
  custom:container-muxer-webm: aa71ff27fc2769a1b78a27578f13a17b -> 
  custom:container-demuxer-webm: 4f35f7cbe854078d1ac9338744f61a02 -> 
  custom:container-demuxer-ogg: 62fdf1f143b41e24485cea50d1cbac27 -> 
  custom:video-encoder-webm-vp8: eb34c28f22e8b96e1ab97ce403110664 -> 
  custom:video-decoder-webm-vp8: 9c59270c3fd7afecdb556c50c9e8de78 -> 
  custom:audio-decoder-ogg-vorbis: bf7c407c2cedff20999df2af8eb42d56 -> 
  custom:audio-encoder-webm-vorbis: bf7c407c2cedff20999df2af8eb42d56 -> 
========================================================================
Received Import Request.
  Time since last request: 97.070672 seconds.
  path: Assets/Construcao tela/Prefab Tela/Prefab/Tela_01.prefab
  artifactKey: Guid(f6550a0593ed01b41822cfeac48a8a38) Importer(815301076,1909f56bfc062723c751e8b465ee728b)
Start importing Assets/Construcao tela/Prefab Tela/Prefab/Tela_01.prefab using Guid(f6550a0593ed01b41822cfeac48a8a38) Importer(815301076,1909f56bfc062723c751e8b465ee728b)  -> (artifact id: '72e15d09b37089166268d15cb81ff534') in 0.063860 seconds 
  Import took 0.067248 seconds .

========================================================================
Received Prepare
Registering precompiled user dll's ...
Registered in 0.004821 seconds.
Begin MonoManager ReloadAssembly
Native extension for LinuxStandalone target not found
Native extension for WindowsStandalone target not found
Native extension for WebGL target not found
Refreshing native plugins compatible for Editor in 0.85 ms, found 2 plugins.
Preloading 0 native plugins for Editor in 0.00 ms.
Mono: successfully reloaded assembly
- Completed reload, in  1.269 seconds
Domain Reload Profiling:
	ReloadAssembly (1270ms)
		BeginReloadAssembly (137ms)
			ExecutionOrderSort (0ms)
			DisableScriptedObjects (7ms)
			BackupInstance (0ms)
			ReleaseScriptingObjects (0ms)
			CreateAndSetChildDomain (42ms)
		EndReloadAssembly (1054ms)
			LoadAssemblies (117ms)
			RebuildTransferFunctionScriptingTraits (0ms)
			SetupTypeCache (326ms)
			ReleaseScriptCaches (1ms)
			RebuildScriptCaches (54ms)
			SetupLoadedEditorAssemblies (435ms)
				LogAssemblyErrors (0ms)
				InitializePlatformSupportModulesInManaged (9ms)
				SetLoadedEditorAssemblies (1ms)
				RefreshPlugins (1ms)
				BeforeProcessingInitializeOnLoad (109ms)
				ProcessInitializeOnLoadAttributes (268ms)
				ProcessInitializeOnLoadMethodAttributes (39ms)
				AfterProcessingInitializeOnLoad (9ms)
				EditorAssembliesLoaded (0ms)
			ExecutionOrderSort2 (0ms)
			AwakeInstancesAfterBackupRestoration (9ms)
Platform modules already initialized, skipping
Refreshing native plugins compatible for Editor in 0.81 ms, found 2 plugins.
Preloading 0 native plugins for Editor in 0.00 ms.
Unloading 1967 Unused Serialized files (Serialized files now loaded: 0)
System memory in use before: 84.0 MB.
System memory in use after: 84.1 MB.

Unloading 47 unused Assets to reduce memory usage. Loaded Objects now: 2390.
Total: 7.669400 ms (FindLiveObjects: 0.222000 ms CreateObjectMapping: 0.047400 ms MarkObjects: 7.366800 ms  DeleteObjects: 0.031200 ms)

AssetImportParameters requested are different than current active one (requested -> active):
  custom:framework-win-MediaFoundation: 216162199b28c13a410421893ffa2e32 -> 
  custom:video-decoder-ogg-theora: a1e56fd34408186e4bbccfd4996cb3dc -> 
  custom:container-muxer-webm: aa71ff27fc2769a1b78a27578f13a17b -> 
  custom:container-demuxer-webm: 4f35f7cbe854078d1ac9338744f61a02 -> 
  custom:container-demuxer-ogg: 62fdf1f143b41e24485cea50d1cbac27 -> 
  custom:video-encoder-webm-vp8: eb34c28f22e8b96e1ab97ce403110664 -> 
  custom:video-decoder-webm-vp8: 9c59270c3fd7afecdb556c50c9e8de78 -> 
  custom:audio-decoder-ogg-vorbis: bf7c407c2cedff20999df2af8eb42d56 -> 
  custom:audio-encoder-webm-vorbis: bf7c407c2cedff20999df2af8eb42d56 -> 
========================================================================
Received Import Request.
  Time since last request: 9.633120 seconds.
  path: Assets/Construcao tela/Prefab Tela/Prefab/Tela_01.prefab
  artifactKey: Guid(f6550a0593ed01b41822cfeac48a8a38) Importer(815301076,1909f56bfc062723c751e8b465ee728b)
Start importing Assets/Construcao tela/Prefab Tela/Prefab/Tela_01.prefab using Guid(f6550a0593ed01b41822cfeac48a8a38) Importer(815301076,1909f56bfc062723c751e8b465ee728b)  -> (artifact id: '9aafa2ec65516f73f97cee4c49064d40') in 0.071658 seconds 
  Import took 0.075444 seconds .

========================================================================
Received Import Request.
  Time since last request: 0.867075 seconds.
  path: Assets/Construcao tela/Prefab Tela/Prefab/Tela_01.prefab
  artifactKey: Guid(f6550a0593ed01b41822cfeac48a8a38) Importer(815301076,1909f56bfc062723c751e8b465ee728b)
Start importing Assets/Construcao tela/Prefab Tela/Prefab/Tela_01.prefab using Guid(f6550a0593ed01b41822cfeac48a8a38) Importer(815301076,1909f56bfc062723c751e8b465ee728b)  -> (artifact id: '1d41a6ecc1f8df0ab47af0b599fa0b67') in 0.018638 seconds 
  Import took 0.022759 seconds .

AssetImportWorkerClient::OnTransportError - code=2 error=End of file
