
=== Fri Mar  8 10:53:53 2019

Packages were changed.
Update Mode: updateDependencies

The following packages were added:
  com.unity.collab-proxy@1.2.15
The following packages were updated:
  com.unity.analytics from version 2.0.16 to 3.2.2
  com.unity.package-manager-ui from version 1.9.11 to 2.0.3
  com.unity.textmeshpro from version 1.2.4 to 1.3.0

=== Mon May 24 10:29:12 2021

Packages were changed.
Update Mode: updateDependencies

The following packages were added:
  com.unity.2d.sprite@1.0.0
  com.unity.2d.tilemap@1.0.0
  com.unity.ide.rider@2.0.7
  com.unity.ide.visualstudio@2.0.7
  com.unity.ide.vscode@1.2.3
  com.unity.modules.androidjni@1.0.0
  com.unity.test-framework@1.1.24
  com.unity.timeline@1.4.7
  com.unity.ugui@1.0.0
  com.unity.xr.legacyinputhelpers@2.1.7
The following packages were updated:
  com.unity.ads from version 2.0.8 to 3.6.1
  com.unity.analytics from version 3.2.2 to 3.5.3
  com.unity.collab-proxy from version 1.2.15 to 1.3.9
  com.unity.purchasing from version 2.0.3 to 3.0.2
  com.unity.textmeshpro from version 1.3.0 to 3.0.1
The following packages were removed:
  com.unity.package-manager-ui@2.0.3

=== Mon Sep 27 09:04:21 2021

Packages were changed.
Update Mode: updateDependencies

The following packages were updated:
  com.unity.ads from version 3.6.1 to 3.7.1
  com.unity.collab-proxy from version 1.3.9 to 1.7.1
  com.unity.ide.visualstudio from version 2.0.7 to 2.0.11
  com.unity.purchasing from version 3.0.2 to 3.2.2
  com.unity.test-framework from version 1.1.24 to 1.1.27
  com.unity.textmeshpro from version 3.0.1 to 3.0.6
  com.unity.timeline from version 1.4.7 to 1.4.8

=== Mon Oct 18 05:43:26 2021

Packages were changed.
Update Mode: updateDependencies

The following packages were updated:
  com.unity.ads from version 3.7.1 to 3.7.5
  com.unity.analytics from version 3.5.3 to 3.6.11
  com.unity.collab-proxy from version 1.7.1 to 1.11.2
  com.unity.ide.vscode from version 1.2.3 to 1.2.4
  com.unity.test-framework from version 1.1.27 to 1.1.29
  com.unity.xr.legacyinputhelpers from version 2.1.7 to 2.1.8
